<?xml version="1.0" encoding="UTF-8"?>
<!-- Generated by org.testng.reporters.JUnitXMLReporter -->
<testsuite hostname="MacBook-Air-Yana.local" name="Nopackage" tests="3" failures="3" timestamp="16 Aug 2015 13:21:01 GMT" time="30.149" errors="0">
  <testcase name="seleniumSearchTest" time="0.0030" classname="ui_tests.lesson7.GoogleSearchTest">
    <failure type="java.lang.NullPointerException">
      <![CDATA[java.lang.NullPointerException
	at page.GoogleSearchPage.open(GoogleSearchPage.java:24)
	at ui_tests.lesson7.GoogleSearchTest.seleniumSearchTest(GoogleSearchTest.java:19)
... Removed 27 stack frames]]>
    </failure>
  </testcase> <!-- seleniumSearchTest -->
  <testcase name="seleniumSearchTest" time="30.065" classname="ui_tests.lesson7.StylusSearchTest">
    <failure type="org.openqa.selenium.TimeoutException" message="Timed out waiting for page load.
Command duration or timeout: 30.04 seconds
Build info: version: &amp;apos;2.46.0&amp;apos;, revision: &amp;apos;61506a4624b13675f24581e453592342b7485d71&amp;apos;, time: &amp;apos;2015-06-04 10:22:50&amp;apos;
System info: host: &amp;apos;MacBook-Air-Yana.local&amp;apos;, ip: &amp;apos;192.168.0.19&amp;apos;, os.name: &amp;apos;Mac OS X&amp;apos;, os.arch: &amp;apos;x86_64&amp;apos;, os.version: &amp;apos;10.9.5&amp;apos;, java.version: &amp;apos;1.6.0_65&amp;apos;
Session ID: ccf14608-63d0-bf4b-ad72-4c873c5ea0ba
Driver info: org.openqa.selenium.firefox.FirefoxDriver
Capabilities [{platform=MAC, acceptSslCerts=true, javascriptEnabled=true, browserName=firefox, rotatable=false, locationContextEnabled=true, version=40.0.2, cssSelectorsEnabled=true, databaseEnabled=true, handlesAlerts=true, nativeEvents=false, webStorageEnabled=true, applicationCacheEnabled=true, takesScreenshot=true}]">
      <![CDATA[org.openqa.selenium.TimeoutException: Timed out waiting for page load.
Command duration or timeout: 30.04 seconds
Build info: version: '2.46.0', revision: '61506a4624b13675f24581e453592342b7485d71', time: '2015-06-04 10:22:50'
System info: host: 'MacBook-Air-Yana.local', ip: '192.168.0.19', os.name: 'Mac OS X', os.arch: 'x86_64', os.version: '10.9.5', java.version: '1.6.0_65'
Session ID: ccf14608-63d0-bf4b-ad72-4c873c5ea0ba
Driver info: org.openqa.selenium.firefox.FirefoxDriver
Capabilities [{platform=MAC, acceptSslCerts=true, javascriptEnabled=true, browserName=firefox, rotatable=false, locationContextEnabled=true, version=40.0.2, cssSelectorsEnabled=true, databaseEnabled=true, handlesAlerts=true, nativeEvents=false, webStorageEnabled=true, applicationCacheEnabled=true, takesScreenshot=true}]
	at org.openqa.selenium.remote.ErrorHandler.createThrowable(ErrorHandler.java:204)
	at org.openqa.selenium.remote.ErrorHandler.throwIfResponseFailed(ErrorHandler.java:156)
	at org.openqa.selenium.remote.RemoteWebDriver.execute(RemoteWebDriver.java:605)
	at org.openqa.selenium.remote.RemoteWebDriver.get(RemoteWebDriver.java:306)
	at page.StylusSearchPage.open(StylusSearchPage.java:30)
	at ui_tests.lesson7.StylusSearchTest.seleniumSearchTest(StylusSearchTest.java:26)
Caused by: org.openqa.selenium.TimeoutException: Timed out waiting for page load.
Build info: version: '2.46.0', revision: '61506a4624b13675f24581e453592342b7485d71', time: '2015-06-04 10:22:50'
System info: host: 'MacBook-Air-Yana.local', ip: '192.168.0.19', os.name: 'Mac OS X', os.arch: 'x86_64', os.version: '10.9.5', java.version: '1.6.0_65'
Driver info: driver.version: unknown
	at <anonymous class>.Utils.initWebLoadingListener/<(file:///var/folders/8h/yjxltj6j6kx7zbpg7n8gsqd40000gn/T/anonymous3320759217997779774webdriver-profile/extensions/fxdriver@googlecode.com/components/driver-component.js:8626)
	at <anonymous class>.WebLoadingListener/e(file:///var/folders/8h/yjxltj6j6kx7zbpg7n8gsqd40000gn/T/anonymous3320759217997779774webdriver-profile/extensions/fxdriver@googlecode.com/components/driver-component.js:4735)
	at <anonymous class>.WebLoadingListener/<(file:///var/folders/8h/yjxltj6j6kx7zbpg7n8gsqd40000gn/T/anonymous3320759217997779774webdriver-profile/extensions/fxdriver@googlecode.com/components/driver-component.js:4743)
	at <anonymous class>.fxdriver.Timer.prototype.setTimeout/<.notify(file:///var/folders/8h/yjxltj6j6kx7zbpg7n8gsqd40000gn/T/anonymous3320759217997779774webdriver-profile/extensions/fxdriver@googlecode.com/components/driver-component.js:603)
... Removed 31 stack frames]]>
    </failure>
  </testcase> <!-- seleniumSearchTest -->
  <testcase name="JavaScriptClick" time="0.0020" classname="ui_tests.lesson7.Lesson10">
    <failure type="java.lang.NullPointerException">
      <![CDATA[java.lang.NullPointerException
	at page.JavaScriptPage.<init>(JavaScriptPage.java:19)
	at ui_tests.lesson7.Lesson10.JavaScriptClick(Lesson10.java:17)
... Removed 27 stack frames]]>
    </failure>
  </testcase> <!-- JavaScriptClick -->
</testsuite> <!-- Nopackage -->
