<!DOCTYPE html PUBLIC "-//W3C//DTD XHTML 1.1//EN" "http://www.w3.org/TR/xhtml11/DTD/xhtml11.dtd">
<html xmlns="http://www.w3.org/1999/xhtml"><head><title>TestNG Report</title><style type="text/css">table {margin-bottom:10px;border-collapse:collapse;empty-cells:show}th,td {border:1px solid #009;padding:.25em .5em}th {vertical-align:bottom}td {vertical-align:top}table a {font-weight:bold}.stripe td {background-color: #E6EBF9}.num {text-align:right}.passedodd td {background-color: #3F3}.passedeven td {background-color: #0A0}.skippedodd td {background-color: #DDD}.skippedeven td {background-color: #CCC}.failedodd td,.attn {background-color: #F33}.failedeven td,.stripe .attn {background-color: #D00}.stacktrace {white-space:pre;font-family:monospace}.totop {font-size:85%;text-align:center;border-bottom:2px solid #000}</style></head><body><table><tr><th>Test</th><th># Passed</th><th># Skipped</th><th># Failed</th><th>Time (ms)</th><th>Included Groups</th><th>Excluded Groups</th></tr><tr><th colspan="7">Suite1</th></tr><tr><td><a href="#t0">Nopackage</a></td><td class="num">0</td><td class="num">0</td><td class="num attn">3</td><td class="num">30Ê149</td><td></td><td></td></tr></table><table><thead><tr><th>Class</th><th>Method</th><th>Start</th><th>Time (ms)</th></tr></thead><tbody><tr><th colspan="4">Suite1</th></tr></tbody><tbody id="t0"><tr><th colspan="4">Nopackage &#8212; failed</th></tr><tr class="failedeven"><td rowspan="1">ui_tests.lesson7.GoogleSearchTest</td><td><a href="#m0">seleniumSearchTest</a></td><td rowspan="1">1439731231318</td><td rowspan="1">3</td></tr><tr class="failedodd"><td rowspan="1">ui_tests.lesson7.Lesson10</td><td><a href="#m1">JavaScriptClick</a></td><td rowspan="1">1439731261436</td><td rowspan="1">2</td></tr><tr class="failedeven"><td rowspan="1">ui_tests.lesson7.StylusSearchTest</td><td><a href="#m2">seleniumSearchTest</a></td><td rowspan="1">1439731231354</td><td rowspan="1">30065</td></tr></tbody></table><h2>Nopackage</h2><h3 id="m0">ui_tests.lesson7.GoogleSearchTest#seleniumSearchTest</h3><table class="result"><tr><th>Exception</th></tr><tr><td><div class="stacktrace">java.lang.NullPointerException
	at page.GoogleSearchPage.open(GoogleSearchPage.java:24)
	at ui_tests.lesson7.GoogleSearchTest.seleniumSearchTest(GoogleSearchTest.java:19)
... Removed 27 stack frames</div></td></tr></table><p class="totop"><a href="#summary">back to summary</a></p><h3 id="m1">ui_tests.lesson7.Lesson10#JavaScriptClick</h3><table class="result"><tr><th>Exception</th></tr><tr><td><div class="stacktrace">java.lang.NullPointerException
	at page.JavaScriptPage.&lt;init&gt;(JavaScriptPage.java:19)
	at ui_tests.lesson7.Lesson10.JavaScriptClick(Lesson10.java:17)
... Removed 27 stack frames</div></td></tr></table><p class="totop"><a href="#summary">back to summary</a></p><h3 id="m2">ui_tests.lesson7.StylusSearchTest#seleniumSearchTest</h3><table class="result"><tr><th>Exception</th></tr><tr><td><div class="stacktrace">org.openqa.selenium.TimeoutException: Timed out waiting for page load.
Command duration or timeout: 30.04 seconds
Build info: version: &apos;2.46.0&apos;, revision: &apos;61506a4624b13675f24581e453592342b7485d71&apos;, time: &apos;2015-06-04 10:22:50&apos;
System info: host: &apos;MacBook-Air-Yana.local&apos;, ip: &apos;192.168.0.19&apos;, os.name: &apos;Mac OS X&apos;, os.arch: &apos;x86_64&apos;, os.version: &apos;10.9.5&apos;, java.version: &apos;1.6.0_65&apos;
Session ID: ccf14608-63d0-bf4b-ad72-4c873c5ea0ba
Driver info: org.openqa.selenium.firefox.FirefoxDriver
Capabilities [{platform=MAC, acceptSslCerts=true, javascriptEnabled=true, browserName=firefox, rotatable=false, locationContextEnabled=true, version=40.0.2, cssSelectorsEnabled=true, databaseEnabled=true, handlesAlerts=true, nativeEvents=false, webStorageEnabled=true, applicationCacheEnabled=true, takesScreenshot=true}]
	at org.openqa.selenium.remote.ErrorHandler.createThrowable(ErrorHandler.java:204)
	at org.openqa.selenium.remote.ErrorHandler.throwIfResponseFailed(ErrorHandler.java:156)
	at org.openqa.selenium.remote.RemoteWebDriver.execute(RemoteWebDriver.java:605)
	at org.openqa.selenium.remote.RemoteWebDriver.get(RemoteWebDriver.java:306)
	at page.StylusSearchPage.open(StylusSearchPage.java:30)
	at ui_tests.lesson7.StylusSearchTest.seleniumSearchTest(StylusSearchTest.java:26)
Caused by: org.openqa.selenium.TimeoutException: Timed out waiting for page load.
Build info: version: &apos;2.46.0&apos;, revision: &apos;61506a4624b13675f24581e453592342b7485d71&apos;, time: &apos;2015-06-04 10:22:50&apos;
System info: host: &apos;MacBook-Air-Yana.local&apos;, ip: &apos;192.168.0.19&apos;, os.name: &apos;Mac OS X&apos;, os.arch: &apos;x86_64&apos;, os.version: &apos;10.9.5&apos;, java.version: &apos;1.6.0_65&apos;
Driver info: driver.version: unknown
	at &lt;anonymous class&gt;.Utils.initWebLoadingListener/&lt;(file:///var/folders/8h/yjxltj6j6kx7zbpg7n8gsqd40000gn/T/anonymous3320759217997779774webdriver-profile/extensions/fxdriver@googlecode.com/components/driver-component.js:8626)
	at &lt;anonymous class&gt;.WebLoadingListener/e(file:///var/folders/8h/yjxltj6j6kx7zbpg7n8gsqd40000gn/T/anonymous3320759217997779774webdriver-profile/extensions/fxdriver@googlecode.com/components/driver-component.js:4735)
	at &lt;anonymous class&gt;.WebLoadingListener/&lt;(file:///var/folders/8h/yjxltj6j6kx7zbpg7n8gsqd40000gn/T/anonymous3320759217997779774webdriver-profile/extensions/fxdriver@googlecode.com/components/driver-component.js:4743)
	at &lt;anonymous class&gt;.fxdriver.Timer.prototype.setTimeout/&lt;.notify(file:///var/folders/8h/yjxltj6j6kx7zbpg7n8gsqd40000gn/T/anonymous3320759217997779774webdriver-profile/extensions/fxdriver@googlecode.com/components/driver-component.js:603)
... Removed 31 stack frames</div></td></tr></table><p class="totop"><a href="#summary">back to summary</a></p></body></html>